[debug] [2022-02-24T19:10:34.079Z] ----------------------------------------------------------------------
[debug] [2022-02-24T19:10:34.081Z] Command:       C:\Program Files\nodejs\node.exe C:\Users\amino\AppData\Local\Yarn\Data\global\node_modules\firebase-tools\lib\bin\firebase.js emulators:start --only functions
[debug] [2022-02-24T19:10:34.082Z] CLI Version:   10.2.1
[debug] [2022-02-24T19:10:34.082Z] Platform:      win32
[debug] [2022-02-24T19:10:34.082Z] Node Version:  v16.14.0
[debug] [2022-02-24T19:10:34.083Z] Time:          Thu Feb 24 2022 20:10:34 GMT+0100 (West Africa Standard Time)
[debug] [2022-02-24T19:10:34.083Z] ----------------------------------------------------------------------
[debug] 
[debug] [2022-02-24T19:10:34.171Z] > command requires scopes: ["email","openid","https://www.googleapis.com/auth/cloudplatformprojects.readonly","https://www.googleapis.com/auth/firebase","https://www.googleapis.com/auth/cloud-platform"]
[debug] [2022-02-24T19:10:34.172Z] > authorizing via signed-in user (aminonimisi2@gmail.com)
[info] i  emulators: Starting emulators: functions {"metadata":{"emulator":{"name":"hub"},"message":"Starting emulators: functions"}}
[debug] [2022-02-24T19:10:34.204Z] [hub] writing locator at C:\Users\amino\AppData\Local\Temp\hub-dayscompanion.json
[warn] !  functions: The following emulators are not running, calls to these services from the Functions emulator will affect production: auth, firestore, database, hosting, pubsub, storage {"metadata":{"emulator":{"name":"functions"},"message":"The following emulators are not running, calls to these services from the Functions emulator will affect production: \u001b[1mauth, firestore, database, hosting, pubsub, storage\u001b[22m"}}
[info] +  functions: Using node@16 from host. {"metadata":{"emulator":{"name":"functions"},"message":"Using node@16 from host."}}
[debug] [2022-02-24T19:10:34.408Z] defaultcredentials: writing to file C:\Users\amino\AppData\Roaming\firebase\aminonimisi2_gmail_com_application_default_credentials.json
[debug] [2022-02-24T19:10:34.410Z] Setting GAC to C:\Users\amino\AppData\Roaming\firebase\aminonimisi2_gmail_com_application_default_credentials.json {"metadata":{"emulator":{"name":"functions"},"message":"Setting GAC to C:\\Users\\amino\\AppData\\Roaming\\firebase\\aminonimisi2_gmail_com_application_default_credentials.json"}}
[debug] [2022-02-24T19:10:34.413Z] > refreshing access token with scopes: []
[debug] [2022-02-24T19:10:34.415Z] >>> HTTP REQUEST POST https://www.googleapis.com/oauth2/v3/token  
 <request body omitted>
[debug] [2022-02-24T19:10:34.745Z] <<< HTTP RESPONSE 200 {"expires":"Mon, 01 Jan 1990 00:00:00 GMT","date":"Thu, 24 Feb 2022 19:10:34 GMT","cache-control":"no-cache, no-store, max-age=0, must-revalidate","pragma":"no-cache","content-type":"application/json; charset=utf-8","vary":"X-Origin, Referer, Origin,Accept-Encoding","server":"scaffolding on HTTPServer2","x-xss-protection":"0","x-frame-options":"SAMEORIGIN","x-content-type-options":"nosniff","alt-svc":"h3=\":443\"; ma=2592000,h3-29=\":443\"; ma=2592000,h3-Q050=\":443\"; ma=2592000,h3-Q046=\":443\"; ma=2592000,h3-Q043=\":443\"; ma=2592000,quic=\":443\"; ma=2592000; v=\"46,43\"","accept-ranges":"none","transfer-encoding":"chunked"}
[debug] [2022-02-24T19:10:34.772Z] >>> [apiv2][query] GET https://firebase.googleapis.com/v1beta1/projects/dayscompanion/adminSdkConfig [none]
[debug] [2022-02-24T19:10:35.520Z] <<< [apiv2][status] GET https://firebase.googleapis.com/v1beta1/projects/dayscompanion/adminSdkConfig 200
[debug] [2022-02-24T19:10:35.520Z] <<< [apiv2][body] GET https://firebase.googleapis.com/v1beta1/projects/dayscompanion/adminSdkConfig {"projectId":"dayscompanion","databaseURL":"https://dayscompanion-default-rtdb.firebaseio.com","storageBucket":"dayscompanion.appspot.com","locationId":"us-central"}
[debug] [2022-02-24T19:10:35.573Z] Ignoring unsupported arg: auto_download {"metadata":{"emulator":{"name":"ui"},"message":"Ignoring unsupported arg: auto_download"}}
[debug] [2022-02-24T19:10:35.574Z] Ignoring unsupported arg: port {"metadata":{"emulator":{"name":"ui"},"message":"Ignoring unsupported arg: port"}}
[debug] [2022-02-24T19:10:35.574Z] Starting Emulator UI with command {"binary":"node","args":["C:\\Users\\amino\\.cache\\firebase\\emulators\\ui-v1.6.5\\server.bundle.js"],"optionalArgs":[],"joinArgs":false} {"metadata":{"emulator":{"name":"ui"},"message":"Starting Emulator UI with command {\"binary\":\"node\",\"args\":[\"C:\\\\Users\\\\amino\\\\.cache\\\\firebase\\\\emulators\\\\ui-v1.6.5\\\\server.bundle.js\"],\"optionalArgs\":[],\"joinArgs\":false}"}}
[info] i  ui: Emulator UI logging to ui-debug.log {"metadata":{"emulator":{"name":"ui"},"message":"Emulator UI logging to \u001b[1mui-debug.log\u001b[22m"}}
[debug] [2022-02-24T19:10:35.804Z] Web / API server started at localhost:4000
 {"metadata":{"emulator":{"name":"ui"},"message":"Web / API server started at localhost:4000\n"}}
[info] i  functions: Watching "C:\Users\amino\Documents\reactPrjs\100Days-Companion\functions" for Cloud Functions... {"metadata":{"emulator":{"name":"functions"},"message":"Watching \"C:\\Users\\amino\\Documents\\reactPrjs\\100Days-Companion\\functions\" for Cloud Functions..."}}
[debug] [2022-02-24T19:10:35.886Z] Validating nodejs source
[debug] [2022-02-24T19:10:40.376Z] > [functions] package.json contents: {
  "name": "functions",
  "scripts": {
    "build": "tsc",
    "serve": "npm run build && firebase emulators:start --only functions",
    "shell": "npm run build && firebase functions:shell",
    "start": "npm run shell",
    "deploy": "firebase deploy --only functions",
    "logs": "firebase functions:log"
  },
  "engines": {
    "node": "16"
  },
  "main": "lib/index.js",
  "dependencies": {
    "@types/react-router-dom": "^5.3.3",
    "axios": "^0.26.0",
    "dotenv": "^16.0.0",
    "firebase-admin": "^9.8.0",
    "firebase-functions": "^3.14.1",
    "nodemailer": "^6.7.2",
    "react-router-dom": "5.3.0"
  },
  "devDependencies": {
    "@types/nodemailer": "^6.4.4",
    "firebase-functions-test": "^0.2.0",
    "typescript": "^4.5.5"
  },
  "private": true
}
[debug] [2022-02-24T19:10:40.376Z] Building nodejs source
[debug] [2022-02-24T19:10:40.377Z] Analyzing nodejs backend spec
